<?xml version="1.0" encoding="utf-8"?><testsuites name="pytest tests"><testsuite name="pytest" errors="0" failures="0" skipped="0" tests="8" time="5.710" timestamp="2026-06-17T04:53:37.991490+00:00" hostname="agent-env-a92ccf4b-43c9-48d8-81ef-e9270bcc0e07"><testcase classname="backend.tests.test_iteration2.TestRegisterRoleForced" name="test_register_ignores_admin_role_in_body" time="0.455" /><testcase classname="backend.tests.test_iteration2.TestRegisterRoleForced" name="test_existing_demo_logins" time="0.720" /><testcase classname="backend.tests.test_iteration2.TestImageUpload" name="test_admin_upload_and_fetch" time="0.520" /><testcase classname="backend.tests.test_iteration2.TestImageUpload" name="test_student_upload_forbidden" time="0.425" /><testcase classname="backend.tests.test_iteration2.TestImageUpload" name="test_anonymous_upload_unauth" time="0.088" /><testcase classname="backend.tests.test_iteration2.TestRecentlyViewedAndCompletion" name="test_recently_viewed_and_completion_pct" time="0.700" /><testcase classname="backend.tests.test_iteration2.TestChatWebSocket" name="test_chat_message_broadcast_and_history" time="2.133" /><testcase classname="backend.tests.test_iteration2.TestChatWebSocket" name="test_ws_invalid_token_rejected" time="0.589" /></testsuite></testsuites>