<?xml version="1.0" encoding="utf-8"?><testsuites name="pytest tests"><testsuite name="pytest" errors="0" failures="0" skipped="0" tests="17" time="5.266" timestamp="2026-06-16T05:46:35.470774+00:00" hostname="agent-env-a92ccf4b-43c9-48d8-81ef-e9270bcc0e07"><testcase classname="backend.tests.test_lms_api.TestAuth" name="test_admin_login" time="0.502" /><testcase classname="backend.tests.test_lms_api.TestAuth" name="test_student_login" time="0.366" /><testcase classname="backend.tests.test_lms_api.TestAuth" name="test_invalid_login" time="0.332" /><testcase classname="backend.tests.test_lms_api.TestAuth" name="test_me_with_bearer" time="0.490" /><testcase classname="backend.tests.test_lms_api.TestAuth" name="test_me_unauth" time="0.101" /><testcase classname="backend.tests.test_lms_api.TestDashboards" name="test_student_dashboard" time="0.450" /><testcase classname="backend.tests.test_lms_api.TestDashboards" name="test_admin_dashboard_counts" time="0.092" /><testcase classname="backend.tests.test_lms_api.TestDashboards" name="test_admin_dashboard_forbidden_for_student" time="0.124" /><testcase classname="backend.tests.test_lms_api.TestCRUD" name="test_batch_crud_and_cascade" time="1.156" /><testcase classname="backend.tests.test_lms_api.TestCRUD" name="test_student_cannot_create_subject" time="0.104" /><testcase classname="backend.tests.test_lms_api.TestMCQ" name="test_list_tests_student_hides_answers" time="0.097" /><testcase classname="backend.tests.test_lms_api.TestMCQ" name="test_list_tests_admin_shows_answers" time="0.100" /><testcase classname="backend.tests.test_lms_api.TestMCQ" name="test_get_test_role_based" time="0.301" /><testcase classname="backend.tests.test_lms_api.TestMCQ" name="test_submit_test_scoring" time="0.195" /><testcase classname="backend.tests.test_lms_api.TestMCQ" name="test_submit_test_partial" time="0.200" /><testcase classname="backend.tests.test_lms_api.TestLiveClasses" name="test_live_classes_status" time="0.090" /><testcase classname="backend.tests.test_lms_api.TestEnrollments" name="test_self_enroll" time="0.383" /></testsuite></testsuites>